c:\users\gokuz\source\repos\egc_bezier\egc_bezier\debug\egc_bezier.pch
c:\users\gokuz\source\repos\egc_bezier\egc_bezier\debug\vc143.pdb
c:\users\gokuz\source\repos\egc_bezier\egc_bezier\debug\vc143.idb
c:\users\gokuz\source\repos\egc_bezier\egc_bezier\debug\stdafx.obj
c:\users\gokuz\source\repos\egc_bezier\egc_bezier\debug\vec2.obj
c:\users\gokuz\source\repos\egc_bezier\egc_bezier\debug\egc_bezier.obj
c:\users\gokuz\source\repos\egc_bezier\egc_bezier\debug\bezier.obj
c:\users\gokuz\source\repos\egc_bezier\debug\egc_bezier.pdb
c:\users\gokuz\source\repos\egc_bezier\egc_bezier\debug\egc_bezier.tlog\cl.command.1.tlog
c:\users\gokuz\source\repos\egc_bezier\egc_bezier\debug\egc_bezier.tlog\cl.read.1.tlog
c:\users\gokuz\source\repos\egc_bezier\egc_bezier\debug\egc_bezier.tlog\cl.write.1.tlog
c:\users\gokuz\source\repos\egc_bezier\egc_bezier\debug\egc_bezier.tlog\link-cvtres.read.1.tlog
c:\users\gokuz\source\repos\egc_bezier\egc_bezier\debug\egc_bezier.tlog\link-cvtres.write.1.tlog
c:\users\gokuz\source\repos\egc_bezier\egc_bezier\debug\egc_bezier.tlog\link-rc.read.1.tlog
c:\users\gokuz\source\repos\egc_bezier\egc_bezier\debug\egc_bezier.tlog\link-rc.write.1.tlog
c:\users\gokuz\source\repos\egc_bezier\egc_bezier\debug\egc_bezier.tlog\link.17592-cvtres.read.1.tlog
c:\users\gokuz\source\repos\egc_bezier\egc_bezier\debug\egc_bezier.tlog\link.17592-cvtres.write.1.tlog
c:\users\gokuz\source\repos\egc_bezier\egc_bezier\debug\egc_bezier.tlog\link.17592-rc.read.1.tlog
c:\users\gokuz\source\repos\egc_bezier\egc_bezier\debug\egc_bezier.tlog\link.17592-rc.write.1.tlog
c:\users\gokuz\source\repos\egc_bezier\egc_bezier\debug\egc_bezier.tlog\link.17592.read.1.tlog
c:\users\gokuz\source\repos\egc_bezier\egc_bezier\debug\egc_bezier.tlog\link.17592.write.1.tlog
c:\users\gokuz\source\repos\egc_bezier\egc_bezier\debug\egc_bezier.tlog\link.command.1.tlog
c:\users\gokuz\source\repos\egc_bezier\egc_bezier\debug\egc_bezier.tlog\link.read.1.tlog
c:\users\gokuz\source\repos\egc_bezier\egc_bezier\debug\egc_bezier.tlog\link.write.1.tlog
