Turbo Assembler	 Version 3.0	    03/23/22 16:49:16	    Page 1
lab6ex7.asm



      1	0000			     DATA SEGMENT PARA PUBLIC 'DATA'
      2
      3	0000  0B*(????)		     STR1 DW 11	DUP(?)
      4	0016			     DATA ENDS
      5
      6	0000			     CODE SEGMENT PARA PUBLIC 'CODE'
      7				     ASSUME CS:CODE,DS:DATA
      8
      9
     10	0000			     START PROC	FAR
     11	0000  1E		     PUSH DS
     12	0001  B8 0000s		     MOV AX,DATA
     13	0004  8E D8		     MOV DS,AX
     14
     15	0006  B8 0000		     MOV AX,0
     16	0009  BE 0000		     MOV SI,0
     17	000C  B9 000A		     MOV CX,10
     18	000F			     first_loop:
     19
     20	000F  50		     PUSH AX
     21	0010  40		     INC AX
     22
     23	0011  E2 FC		     loop first_loop
     24
     25	0013  B9 000A		     MOV CX,10
     26	0016			     second_loop:
     27
     28	0016  58		     POP AX
     29	0017  89 84 0000r	     MOV STR1[SI],AX
     30	001B  46		     INC SI
     31
     32	001C  E2 F8		     loop second_loop
     33
     34	001E  BE 0000		     MOV SI,0
     35	0021  B9 0014		     MOV CX,20
     36	0024			     se_loop:
     37
     38	0024  8B 84 0000r	     MOV AX,STR1[SI]
     39	0028  50		     PUSH AX
     40	0029  46		     INC SI
     41	002A  83 FE 09		     CMP SI,9
     42	002D  EB 06 90		     JMP  tr_loop
     43
     44	0030  E2 F2		     loop se_loop
     45
     46
     47	0032  BE 0000		     MOV SI,0
     48	0035			     tr_loop:
     49	0035  8B 84 0000r	     MOV AX,STR1[SI]
     50	0039  50		     PUSH AX
     51	003A  46		     INC SI
     52	003B  E2 F8		     loop tr_loop
     53
     54
     55	003D  1F		     POP DS
     56	003E  CB		     RET
     57
Turbo Assembler	 Version 3.0	    03/23/22 16:49:16	    Page 2
lab6ex7.asm



     58	003F			     START ENDP
     59	003F			     CODE ENDS
     60				     END START
Turbo Assembler	 Version 3.0	    03/23/22 16:49:16	    Page 3
Symbol Table




Symbol Name			  Type	 Value

??DATE				  Text	 "03/23/22"
??FILENAME			  Text	 "lab6ex7 "
??TIME				  Text	 "16:49:16"
??VERSION			  Number 0300
@CPU				  Text	 0101H
@CURSEG				  Text	 CODE
@FILENAME			  Text	 LAB6EX7
@WORDSIZE			  Text	 2
FIRST_LOOP			  Near	 CODE:000F
SECOND_LOOP			  Near	 CODE:0016
SE_LOOP				  Near	 CODE:0024
START				  Far	 CODE:0000
STR1				  Word	 DATA:0000
TR_LOOP				  Near	 CODE:0035

Groups & Segments		  Bit Size Align  Combine Class

CODE				  16  003F Para	  Public  CODE
DATA				  16  0016 Para	  Public  DATA
