
*** Running vivado
    with args -log mipsTEST.vds -m64 -product Vivado -mode batch -messageDb vivado.pb -notrace -source mipsTEST.tcl



****** Vivado v2022.2 (64-bit)
  **** SW Build 3671981 on Fri Oct 14 05:00:03 MDT 2022
  **** IP Build 3669848 on Fri Oct 14 08:30:02 MDT 2022
    ** Copyright 1986-2022 Xilinx, Inc. All Rights Reserved.

source mipsTEST.tcl -notrace
Command: read_checkpoint -auto_incremental -incremental B:/VHDL/newMIPStryHH/newMIPStryHH.srcs/utils_1/imports/synth_1/mipsTEST.dcp
INFO: [Vivado 12-5825] Read reference checkpoint from B:/VHDL/newMIPStryHH/newMIPStryHH.srcs/utils_1/imports/synth_1/mipsTEST.dcp for incremental synthesis
INFO: [Vivado 12-7989] Please ensure there are no constraint changes
Command: synth_design -top mipsTEST -part xc7a35tcpg236-1
Starting synth_design
Attempting to get a license for feature 'Synthesis' and/or device 'xc7a35t'
INFO: [Common 17-349] Got license for feature 'Synthesis' and/or device 'xc7a35t'
INFO: [Device 21-403] Loading part xc7a35tcpg236-1
INFO: [Designutils 20-5440] No compile time benefit to using incremental synthesis; A full resynthesis will be run
INFO: [Designutils 20-4379] Flow is switching to default flow due to incremental criteria not met. If you would like to alter this behaviour and have the flow terminate instead, please set the following parameter config_implementation {autoIncr.Synth.RejectBehavior Terminate}
INFO: [Synth 8-7079] Multithreading enabled for synth_design using a maximum of 2 processes.
INFO: [Synth 8-7078] Launching helper process for spawning children vivado processes
INFO: [Synth 8-7075] Helper process launched with PID 6712
INFO: [Synth 8-11241] undeclared symbol 'REGCCE', assumed default net type 'wire' [B:/VIVADO/Vivado/2022.2/data/verilog/src/unimacro/BRAM_SINGLE_MACRO.v:2170]
---------------------------------------------------------------------------------
Starting RTL Elaboration : Time (s): cpu = 00:00:05 ; elapsed = 00:00:06 . Memory (MB): peak = 1193.188 ; gain = 409.059
---------------------------------------------------------------------------------
INFO: [Synth 8-638] synthesizing module 'mipsTEST' [B:/VHDL/newMIPStryHH/newMIPStryHH.srcs/sources_1/new/mipsTest.vhd:13]
INFO: [Synth 8-3491] module 'MPG' declared at 'B:/VHDL/newMIPStryHH/newMIPStryHH.srcs/sources_1/new/MPG.vhd:5' bound to instance 'mpg1' of component 'MPG' [B:/VHDL/newMIPStryHH/newMIPStryHH.srcs/sources_1/new/mipsTest.vhd:111]
INFO: [Synth 8-638] synthesizing module 'MPG' [B:/VHDL/newMIPStryHH/newMIPStryHH.srcs/sources_1/new/MPG.vhd:11]
INFO: [Synth 8-256] done synthesizing module 'MPG' (0#1) [B:/VHDL/newMIPStryHH/newMIPStryHH.srcs/sources_1/new/MPG.vhd:11]
INFO: [Synth 8-3491] module 'MPG' declared at 'B:/VHDL/newMIPStryHH/newMIPStryHH.srcs/sources_1/new/MPG.vhd:5' bound to instance 'mpg2' of component 'MPG' [B:/VHDL/newMIPStryHH/newMIPStryHH.srcs/sources_1/new/mipsTest.vhd:112]
INFO: [Synth 8-3491] module 'instrFetch' declared at 'B:/VHDL/newMIPStryHH/newMIPStryHH.srcs/sources_1/new/IFetch.vhd:5' bound to instance 'instructionFetch' of component 'instrFetch' [B:/VHDL/newMIPStryHH/newMIPStryHH.srcs/sources_1/new/mipsTest.vhd:115]
INFO: [Synth 8-638] synthesizing module 'instrFetch' [B:/VHDL/newMIPStryHH/newMIPStryHH.srcs/sources_1/new/IFetch.vhd:17]
INFO: [Synth 8-256] done synthesizing module 'instrFetch' (0#1) [B:/VHDL/newMIPStryHH/newMIPStryHH.srcs/sources_1/new/IFetch.vhd:17]
INFO: [Synth 8-3491] module 'ExecutionUnit' declared at 'B:/VHDL/newMIPStryHH/newMIPStryHH.srcs/sources_1/new/ExecutionUnit.vhd:6' bound to instance 'executionUnitt' of component 'ExecutionUnit' [B:/VHDL/newMIPStryHH/newMIPStryHH.srcs/sources_1/new/mipsTest.vhd:116]
INFO: [Synth 8-638] synthesizing module 'ExecutionUnit' [B:/VHDL/newMIPStryHH/newMIPStryHH.srcs/sources_1/new/ExecutionUnit.vhd:20]
WARNING: [Synth 8-614] signal 'imm' is read in the process but is not in the sensitivity list [B:/VHDL/newMIPStryHH/newMIPStryHH.srcs/sources_1/new/ExecutionUnit.vhd:30]
WARNING: [Synth 8-614] signal 'rd2' is read in the process but is not in the sensitivity list [B:/VHDL/newMIPStryHH/newMIPStryHH.srcs/sources_1/new/ExecutionUnit.vhd:30]
INFO: [Synth 8-226] default block is never used [B:/VHDL/newMIPStryHH/newMIPStryHH.srcs/sources_1/new/ExecutionUnit.vhd:54]
INFO: [Synth 8-256] done synthesizing module 'ExecutionUnit' (0#1) [B:/VHDL/newMIPStryHH/newMIPStryHH.srcs/sources_1/new/ExecutionUnit.vhd:20]
INFO: [Synth 8-3491] module 'DataMemory' declared at 'B:/VHDL/newMIPStryHH/newMIPStryHH.srcs/sources_1/new/MEM.vhd:5' bound to instance 'memory' of component 'DataMemory' [B:/VHDL/newMIPStryHH/newMIPStryHH.srcs/sources_1/new/mipsTest.vhd:117]
INFO: [Synth 8-638] synthesizing module 'DataMemory' [B:/VHDL/newMIPStryHH/newMIPStryHH.srcs/sources_1/new/MEM.vhd:15]
INFO: [Synth 8-256] done synthesizing module 'DataMemory' (0#1) [B:/VHDL/newMIPStryHH/newMIPStryHH.srcs/sources_1/new/MEM.vhd:15]
INFO: [Synth 8-3491] module 'decodeUnit' declared at 'B:/VHDL/newMIPStryHH/newMIPStryHH.srcs/sources_1/new/decodeUnit.vhd:7' bound to instance 'decodeUnitt' of component 'decodeUnit' [B:/VHDL/newMIPStryHH/newMIPStryHH.srcs/sources_1/new/mipsTest.vhd:118]
INFO: [Synth 8-638] synthesizing module 'decodeUnit' [B:/VHDL/newMIPStryHH/newMIPStryHH.srcs/sources_1/new/decodeUnit.vhd:24]
INFO: [Synth 8-3491] module 'regfile' declared at 'B:/VHDL/newMIPStryHH/newMIPStryHH.srcs/sources_1/new/regfile.vhd:36' bound to instance 'regfile1' of component 'regfile' [B:/VHDL/newMIPStryHH/newMIPStryHH.srcs/sources_1/new/decodeUnit.vhd:70]
INFO: [Synth 8-638] synthesizing module 'regfile' [B:/VHDL/newMIPStryHH/newMIPStryHH.srcs/sources_1/new/regfile.vhd:47]
INFO: [Synth 8-256] done synthesizing module 'regfile' (0#1) [B:/VHDL/newMIPStryHH/newMIPStryHH.srcs/sources_1/new/regfile.vhd:47]
INFO: [Synth 8-256] done synthesizing module 'decodeUnit' (0#1) [B:/VHDL/newMIPStryHH/newMIPStryHH.srcs/sources_1/new/decodeUnit.vhd:24]
INFO: [Synth 8-3491] module 'MainControl' declared at 'B:/VHDL/newMIPStryHH/newMIPStryHH.srcs/sources_1/new/MainControl.vhd:4' bound to instance 'controlUnit' of component 'MainControl' [B:/VHDL/newMIPStryHH/newMIPStryHH.srcs/sources_1/new/mipsTest.vhd:119]
INFO: [Synth 8-638] synthesizing module 'MainControl' [B:/VHDL/newMIPStryHH/newMIPStryHH.srcs/sources_1/new/MainControl.vhd:17]
INFO: [Synth 8-226] default block is never used [B:/VHDL/newMIPStryHH/newMIPStryHH.srcs/sources_1/new/MainControl.vhd:31]
INFO: [Synth 8-256] done synthesizing module 'MainControl' (0#1) [B:/VHDL/newMIPStryHH/newMIPStryHH.srcs/sources_1/new/MainControl.vhd:17]
WARNING: [Synth 8-614] signal 'memoryData' is read in the process but is not in the sensitivity list [B:/VHDL/newMIPStryHH/newMIPStryHH.srcs/sources_1/new/mipsTest.vhd:122]
WARNING: [Synth 8-614] signal 'aluRes2' is read in the process but is not in the sensitivity list [B:/VHDL/newMIPStryHH/newMIPStryHH.srcs/sources_1/new/mipsTest.vhd:122]
INFO: [Synth 8-226] default block is never used [B:/VHDL/newMIPStryHH/newMIPStryHH.srcs/sources_1/new/mipsTest.vhd:139]
WARNING: [Synth 8-614] signal 'instr' is read in the process but is not in the sensitivity list [B:/VHDL/newMIPStryHH/newMIPStryHH.srcs/sources_1/new/mipsTest.vhd:137]
WARNING: [Synth 8-614] signal 'rd1' is read in the process but is not in the sensitivity list [B:/VHDL/newMIPStryHH/newMIPStryHH.srcs/sources_1/new/mipsTest.vhd:137]
WARNING: [Synth 8-614] signal 'rd2' is read in the process but is not in the sensitivity list [B:/VHDL/newMIPStryHH/newMIPStryHH.srcs/sources_1/new/mipsTest.vhd:137]
WARNING: [Synth 8-614] signal 'nextPC' is read in the process but is not in the sensitivity list [B:/VHDL/newMIPStryHH/newMIPStryHH.srcs/sources_1/new/mipsTest.vhd:137]
WARNING: [Synth 8-614] signal 'imm' is read in the process but is not in the sensitivity list [B:/VHDL/newMIPStryHH/newMIPStryHH.srcs/sources_1/new/mipsTest.vhd:137]
WARNING: [Synth 8-614] signal 'memoryData' is read in the process but is not in the sensitivity list [B:/VHDL/newMIPStryHH/newMIPStryHH.srcs/sources_1/new/mipsTest.vhd:137]
WARNING: [Synth 8-614] signal 'writeData' is read in the process but is not in the sensitivity list [B:/VHDL/newMIPStryHH/newMIPStryHH.srcs/sources_1/new/mipsTest.vhd:137]
WARNING: [Synth 8-614] signal 'aluRes' is read in the process but is not in the sensitivity list [B:/VHDL/newMIPStryHH/newMIPStryHH.srcs/sources_1/new/mipsTest.vhd:137]
INFO: [Synth 8-3491] module 'SSD' declared at 'B:/VHDL/newMIPStryHH/newMIPStryHH.srcs/sources_1/new/SSD.vhd:5' bound to instance 'output' of component 'SSD' [B:/VHDL/newMIPStryHH/newMIPStryHH.srcs/sources_1/new/mipsTest.vhd:161]
INFO: [Synth 8-638] synthesizing module 'SSD' [B:/VHDL/newMIPStryHH/newMIPStryHH.srcs/sources_1/new/SSD.vhd:12]
INFO: [Synth 8-226] default block is never used [B:/VHDL/newMIPStryHH/newMIPStryHH.srcs/sources_1/new/SSD.vhd:31]
INFO: [Synth 8-226] default block is never used [B:/VHDL/newMIPStryHH/newMIPStryHH.srcs/sources_1/new/SSD.vhd:42]
INFO: [Synth 8-226] default block is never used [B:/VHDL/newMIPStryHH/newMIPStryHH.srcs/sources_1/new/SSD.vhd:51]
INFO: [Synth 8-256] done synthesizing module 'SSD' (0#1) [B:/VHDL/newMIPStryHH/newMIPStryHH.srcs/sources_1/new/SSD.vhd:12]
INFO: [Synth 8-256] done synthesizing module 'mipsTEST' (0#1) [B:/VHDL/newMIPStryHH/newMIPStryHH.srcs/sources_1/new/mipsTest.vhd:13]
WARNING: [Synth 8-7129] Port regWrite in module decodeUnit is either unconnected or has no load
WARNING: [Synth 8-7129] Port led[15] in module mipsTEST is either unconnected or has no load
WARNING: [Synth 8-7129] Port led[14] in module mipsTEST is either unconnected or has no load
WARNING: [Synth 8-7129] Port led[13] in module mipsTEST is either unconnected or has no load
WARNING: [Synth 8-7129] Port led[12] in module mipsTEST is either unconnected or has no load
WARNING: [Synth 8-7129] Port led[11] in module mipsTEST is either unconnected or has no load
WARNING: [Synth 8-7129] Port btn[4] in module mipsTEST is either unconnected or has no load
WARNING: [Synth 8-7129] Port btn[3] in module mipsTEST is either unconnected or has no load
WARNING: [Synth 8-7129] Port btn[2] in module mipsTEST is either unconnected or has no load
WARNING: [Synth 8-7129] Port sw[15] in module mipsTEST is either unconnected or has no load
WARNING: [Synth 8-7129] Port sw[14] in module mipsTEST is either unconnected or has no load
WARNING: [Synth 8-7129] Port sw[13] in module mipsTEST is either unconnected or has no load
WARNING: [Synth 8-7129] Port sw[12] in module mipsTEST is either unconnected or has no load
WARNING: [Synth 8-7129] Port sw[11] in module mipsTEST is either unconnected or has no load
WARNING: [Synth 8-7129] Port sw[10] in module mipsTEST is either unconnected or has no load
WARNING: [Synth 8-7129] Port sw[9] in module mipsTEST is either unconnected or has no load
WARNING: [Synth 8-7129] Port sw[8] in module mipsTEST is either unconnected or has no load
WARNING: [Synth 8-7129] Port sw[7] in module mipsTEST is either unconnected or has no load
WARNING: [Synth 8-7129] Port sw[6] in module mipsTEST is either unconnected or has no load
WARNING: [Synth 8-7129] Port sw[5] in module mipsTEST is either unconnected or has no load
WARNING: [Synth 8-7129] Port sw[4] in module mipsTEST is either unconnected or has no load
WARNING: [Synth 8-7129] Port sw[3] in module mipsTEST is either unconnected or has no load
---------------------------------------------------------------------------------
Finished RTL Elaboration : Time (s): cpu = 00:00:06 ; elapsed = 00:00:07 . Memory (MB): peak = 1285.152 ; gain = 501.023
---------------------------------------------------------------------------------
---------------------------------------------------------------------------------
Start Handling Custom Attributes
---------------------------------------------------------------------------------
---------------------------------------------------------------------------------
Finished Handling Custom Attributes : Time (s): cpu = 00:00:06 ; elapsed = 00:00:07 . Memory (MB): peak = 1285.152 ; gain = 501.023
---------------------------------------------------------------------------------
---------------------------------------------------------------------------------
Finished RTL Optimization Phase 1 : Time (s): cpu = 00:00:06 ; elapsed = 00:00:07 . Memory (MB): peak = 1285.152 ; gain = 501.023
---------------------------------------------------------------------------------
Netlist sorting complete. Time (s): cpu = 00:00:00 ; elapsed = 00:00:00.006 . Memory (MB): peak = 1285.152 ; gain = 0.000
INFO: [Project 1-570] Preparing netlist for logic optimization

Processing XDC Constraints
Initializing timing engine
Parsing XDC File [B:/VHDL/newMIPStryHH/newMIPStryHH.srcs/constrs_1/new/constraints.xdc]
Finished Parsing XDC File [B:/VHDL/newMIPStryHH/newMIPStryHH.srcs/constrs_1/new/constraints.xdc]
INFO: [Project 1-236] Implementation specific constraints were found while reading constraint file [B:/VHDL/newMIPStryHH/newMIPStryHH.srcs/constrs_1/new/constraints.xdc]. These constraints will be ignored for synthesis but will be used in implementation. Impacted constraints are listed in the file [.Xil/mipsTEST_propImpl.xdc].
Resolution: To avoid this warning, move constraints listed in [.Xil/mipsTEST_propImpl.xdc] to another XDC file and exclude this new file from synthesis with the used_in_synthesis property (File Properties dialog in GUI) and re-run elaboration/synthesis.
Completed Processing XDC Constraints

Netlist sorting complete. Time (s): cpu = 00:00:00 ; elapsed = 00:00:00 . Memory (MB): peak = 1322.844 ; gain = 0.000
INFO: [Project 1-111] Unisim Transformation Summary:
No Unisim elements were transformed.

Constraint Validation Runtime : Time (s): cpu = 00:00:00 ; elapsed = 00:00:00.001 . Memory (MB): peak = 1322.844 ; gain = 0.000
INFO: [Designutils 20-5440] No compile time benefit to using incremental synthesis; A full resynthesis will be run
INFO: [Designutils 20-4379] Flow is switching to default flow due to incremental criteria not met. If you would like to alter this behaviour and have the flow terminate instead, please set the following parameter config_implementation {autoIncr.Synth.RejectBehavior Terminate}
INFO: [Synth 8-11241] undeclared symbol 'REGCCE', assumed default net type 'wire' [B:/VIVADO/Vivado/2022.2/data/verilog/src/unimacro/BRAM_SINGLE_MACRO.v:2170]
---------------------------------------------------------------------------------
Finished Constraint Validation : Time (s): cpu = 00:00:13 ; elapsed = 00:00:15 . Memory (MB): peak = 1322.844 ; gain = 538.715
---------------------------------------------------------------------------------
---------------------------------------------------------------------------------
Start Loading Part and Timing Information
---------------------------------------------------------------------------------
Loading part: xc7a35tcpg236-1
---------------------------------------------------------------------------------
Finished Loading Part and Timing Information : Time (s): cpu = 00:00:13 ; elapsed = 00:00:15 . Memory (MB): peak = 1322.844 ; gain = 538.715
---------------------------------------------------------------------------------
---------------------------------------------------------------------------------
Start Applying 'set_property' XDC Constraints
---------------------------------------------------------------------------------
---------------------------------------------------------------------------------
Finished applying 'set_property' XDC Constraints : Time (s): cpu = 00:00:13 ; elapsed = 00:00:15 . Memory (MB): peak = 1322.844 ; gain = 538.715
---------------------------------------------------------------------------------
---------------------------------------------------------------------------------
Finished RTL Optimization Phase 2 : Time (s): cpu = 00:00:14 ; elapsed = 00:00:16 . Memory (MB): peak = 1322.844 ; gain = 538.715
---------------------------------------------------------------------------------
---------------------------------------------------------------------------------
Start RTL Component Statistics 
---------------------------------------------------------------------------------
Detailed RTL Component Info : 
+---Adders : 
	   2 Input   16 Bit       Adders := 3     
	   3 Input   16 Bit       Adders := 1     
+---XORs : 
	   2 Input     16 Bit         XORs := 1     
+---Registers : 
	               16 Bit    Registers := 1     
	                1 Bit    Registers := 6     
+---RAMs : 
	              512 Bit	(32 X 16 bit)          RAMs := 1     
+---Muxes : 
	 257 Input   16 Bit        Muxes := 1     
	   2 Input   16 Bit        Muxes := 8     
	   4 Input    4 Bit        Muxes := 2     
	   6 Input    3 Bit        Muxes := 1     
	   2 Input    3 Bit        Muxes := 1     
	   8 Input    3 Bit        Muxes := 1     
	   8 Input    1 Bit        Muxes := 8     
---------------------------------------------------------------------------------
Finished RTL Component Statistics 
---------------------------------------------------------------------------------
---------------------------------------------------------------------------------
Start Part Resource Summary
---------------------------------------------------------------------------------
Part Resources:
DSPs: 90 (col length:60)
BRAMs: 100 (col length: RAMB18 60 RAMB36 30)
---------------------------------------------------------------------------------
Finished Part Resource Summary
---------------------------------------------------------------------------------
---------------------------------------------------------------------------------
Start Cross Boundary and Area Optimization
---------------------------------------------------------------------------------
WARNING: [Synth 8-7080] Parallel synthesis criteria is not met
WARNING: [Synth 8-7129] Port led[15] in module mipsTEST is either unconnected or has no load
WARNING: [Synth 8-7129] Port led[14] in module mipsTEST is either unconnected or has no load
WARNING: [Synth 8-7129] Port led[13] in module mipsTEST is either unconnected or has no load
WARNING: [Synth 8-7129] Port led[12] in module mipsTEST is either unconnected or has no load
WARNING: [Synth 8-7129] Port led[11] in module mipsTEST is either unconnected or has no load
WARNING: [Synth 8-7129] Port btn[4] in module mipsTEST is either unconnected or has no load
WARNING: [Synth 8-7129] Port btn[3] in module mipsTEST is either unconnected or has no load
WARNING: [Synth 8-7129] Port btn[2] in module mipsTEST is either unconnected or has no load
WARNING: [Synth 8-7129] Port sw[15] in module mipsTEST is either unconnected or has no load
WARNING: [Synth 8-7129] Port sw[14] in module mipsTEST is either unconnected or has no load
WARNING: [Synth 8-7129] Port sw[13] in module mipsTEST is either unconnected or has no load
WARNING: [Synth 8-7129] Port sw[12] in module mipsTEST is either unconnected or has no load
WARNING: [Synth 8-7129] Port sw[11] in module mipsTEST is either unconnected or has no load
WARNING: [Synth 8-7129] Port sw[10] in module mipsTEST is either unconnected or has no load
WARNING: [Synth 8-7129] Port sw[9] in module mipsTEST is either unconnected or has no load
WARNING: [Synth 8-7129] Port sw[8] in module mipsTEST is either unconnected or has no load
WARNING: [Synth 8-7129] Port sw[7] in module mipsTEST is either unconnected or has no load
WARNING: [Synth 8-7129] Port sw[6] in module mipsTEST is either unconnected or has no load
WARNING: [Synth 8-7129] Port sw[5] in module mipsTEST is either unconnected or has no load
WARNING: [Synth 8-7129] Port sw[4] in module mipsTEST is either unconnected or has no load
WARNING: [Synth 8-7129] Port sw[3] in module mipsTEST is either unconnected or has no load
---------------------------------------------------------------------------------
Finished Cross Boundary and Area Optimization : Time (s): cpu = 00:00:17 ; elapsed = 00:00:19 . Memory (MB): peak = 1322.844 ; gain = 538.715
---------------------------------------------------------------------------------
---------------------------------------------------------------------------------
Start ROM, RAM, DSP, Shift Register and Retiming Reporting
---------------------------------------------------------------------------------

Distributed RAM: Preliminary Mapping Report (see note below)
+------------+-----------------------------------+-----------+----------------------+----------------+
|Module Name | RTL Object                        | Inference | Size (Depth x Width) | Primitives     | 
+------------+-----------------------------------+-----------+----------------------+----------------+
|mipsTEST    | memory/mem_DATA_reg               | Implied   | 32 x 16              | RAM32X1S x 16  | 
|mipsTEST    | decodeUnitt/regfile1/reg_file_reg | Implied   | 8 x 16               | RAM32M x 6     | 
+------------+-----------------------------------+-----------+----------------------+----------------+

Note: The table above is a preliminary report that shows the Distributed RAMs at the current stage of the synthesis flow. Some Distributed RAMs may be reimplemented as non Distributed RAM primitives later in the synthesis flow. Multiple instantiated RAMs are reported only once.
---------------------------------------------------------------------------------
Finished ROM, RAM, DSP, Shift Register and Retiming Reporting
---------------------------------------------------------------------------------
---------------------------------------------------------------------------------
Start Applying XDC Timing Constraints
---------------------------------------------------------------------------------
---------------------------------------------------------------------------------
Finished Applying XDC Timing Constraints : Time (s): cpu = 00:00:22 ; elapsed = 00:00:25 . Memory (MB): peak = 1322.844 ; gain = 538.715
---------------------------------------------------------------------------------
---------------------------------------------------------------------------------
Start Timing Optimization
---------------------------------------------------------------------------------
---------------------------------------------------------------------------------
Finished Timing Optimization : Time (s): cpu = 00:00:24 ; elapsed = 00:00:27 . Memory (MB): peak = 1349.027 ; gain = 564.898
---------------------------------------------------------------------------------
---------------------------------------------------------------------------------
Start ROM, RAM, DSP, Shift Register and Retiming Reporting
---------------------------------------------------------------------------------

Distributed RAM: Final Mapping Report
+------------+-----------------------------------+-----------+----------------------+----------------+
|Module Name | RTL Object                        | Inference | Size (Depth x Width) | Primitives     | 
+------------+-----------------------------------+-----------+----------------------+----------------+
|mipsTEST    | memory/mem_DATA_reg               | Implied   | 32 x 16              | RAM32X1S x 16  | 
|mipsTEST    | decodeUnitt/regfile1/reg_file_reg | Implied   | 8 x 16               | RAM32M x 6     | 
+------------+-----------------------------------+-----------+----------------------+----------------+

---------------------------------------------------------------------------------
Finished ROM, RAM, DSP, Shift Register and Retiming Reporting
---------------------------------------------------------------------------------
---------------------------------------------------------------------------------
Start Technology Mapping
---------------------------------------------------------------------------------
---------------------------------------------------------------------------------
Finished Technology Mapping : Time (s): cpu = 00:00:24 ; elapsed = 00:00:28 . Memory (MB): peak = 1349.699 ; gain = 565.570
---------------------------------------------------------------------------------
---------------------------------------------------------------------------------
Start IO Insertion
---------------------------------------------------------------------------------
---------------------------------------------------------------------------------
Start Flattening Before IO Insertion
---------------------------------------------------------------------------------
---------------------------------------------------------------------------------
Finished Flattening Before IO Insertion
---------------------------------------------------------------------------------
---------------------------------------------------------------------------------
Start Final Netlist Cleanup
---------------------------------------------------------------------------------
---------------------------------------------------------------------------------
Finished Final Netlist Cleanup
---------------------------------------------------------------------------------
---------------------------------------------------------------------------------
Finished IO Insertion : Time (s): cpu = 00:00:28 ; elapsed = 00:00:32 . Memory (MB): peak = 1354.523 ; gain = 570.395
---------------------------------------------------------------------------------
---------------------------------------------------------------------------------
Start Renaming Generated Instances
---------------------------------------------------------------------------------
---------------------------------------------------------------------------------
Finished Renaming Generated Instances : Time (s): cpu = 00:00:28 ; elapsed = 00:00:32 . Memory (MB): peak = 1354.523 ; gain = 570.395
---------------------------------------------------------------------------------
---------------------------------------------------------------------------------
Start Rebuilding User Hierarchy
---------------------------------------------------------------------------------
---------------------------------------------------------------------------------
Finished Rebuilding User Hierarchy : Time (s): cpu = 00:00:28 ; elapsed = 00:00:32 . Memory (MB): peak = 1354.523 ; gain = 570.395
---------------------------------------------------------------------------------
---------------------------------------------------------------------------------
Start Renaming Generated Ports
---------------------------------------------------------------------------------
---------------------------------------------------------------------------------
Finished Renaming Generated Ports : Time (s): cpu = 00:00:28 ; elapsed = 00:00:32 . Memory (MB): peak = 1354.523 ; gain = 570.395
---------------------------------------------------------------------------------
---------------------------------------------------------------------------------
Start Handling Custom Attributes
---------------------------------------------------------------------------------
---------------------------------------------------------------------------------
Finished Handling Custom Attributes : Time (s): cpu = 00:00:28 ; elapsed = 00:00:32 . Memory (MB): peak = 1354.523 ; gain = 570.395
---------------------------------------------------------------------------------
---------------------------------------------------------------------------------
Start Renaming Generated Nets
---------------------------------------------------------------------------------
---------------------------------------------------------------------------------
Finished Renaming Generated Nets : Time (s): cpu = 00:00:28 ; elapsed = 00:00:32 . Memory (MB): peak = 1354.523 ; gain = 570.395
---------------------------------------------------------------------------------
---------------------------------------------------------------------------------
Start Writing Synthesis Report
---------------------------------------------------------------------------------

Report BlackBoxes: 
+-+--------------+----------+
| |BlackBox name |Instances |
+-+--------------+----------+
+-+--------------+----------+

Report Cell Usage: 
+------+---------+------+
|      |Cell     |Count |
+------+---------+------+
|1     |BUFG     |     1|
|2     |CARRY4   |    22|
|3     |LUT1     |     2|
|4     |LUT2     |    19|
|5     |LUT3     |    47|
|6     |LUT4     |    43|
|7     |LUT5     |    72|
|8     |LUT6     |    82|
|9     |RAM32M   |     6|
|10    |RAM32X1S |    16|
|11    |FDRE     |    38|
|12    |IBUF     |     6|
|13    |OBUF     |    22|
|14    |OBUFT    |     5|
+------+---------+------+
---------------------------------------------------------------------------------
Finished Writing Synthesis Report : Time (s): cpu = 00:00:28 ; elapsed = 00:00:32 . Memory (MB): peak = 1354.523 ; gain = 570.395
---------------------------------------------------------------------------------
Synthesis finished with 0 errors, 0 critical warnings and 22 warnings.
Synthesis Optimization Runtime : Time (s): cpu = 00:00:21 ; elapsed = 00:00:30 . Memory (MB): peak = 1354.523 ; gain = 532.703
Synthesis Optimization Complete : Time (s): cpu = 00:00:29 ; elapsed = 00:00:32 . Memory (MB): peak = 1354.523 ; gain = 570.395
INFO: [Project 1-571] Translating synthesized netlist
Netlist sorting complete. Time (s): cpu = 00:00:00 ; elapsed = 00:00:00.008 . Memory (MB): peak = 1366.605 ; gain = 0.000
INFO: [Netlist 29-17] Analyzing 44 Unisim elements for replacement
INFO: [Netlist 29-28] Unisim Transformation completed in 0 CPU seconds
INFO: [Project 1-570] Preparing netlist for logic optimization
INFO: [Opt 31-138] Pushed 0 inverter(s) to 0 load pin(s).
Netlist sorting complete. Time (s): cpu = 00:00:00 ; elapsed = 00:00:00 . Memory (MB): peak = 1372.215 ; gain = 0.000
INFO: [Project 1-111] Unisim Transformation Summary:
  A total of 22 instances were transformed.
  RAM32M => RAM32M (RAMD32(x6), RAMS32(x2)): 6 instances
  RAM32X1S => RAM32X1S (RAMS32): 16 instances

Synth Design complete, checksum: 4d9fcf44
INFO: [Common 17-83] Releasing license: Synthesis
56 Infos, 56 Warnings, 0 Critical Warnings and 0 Errors encountered.
synth_design completed successfully
synth_design: Time (s): cpu = 00:00:33 ; elapsed = 00:00:38 . Memory (MB): peak = 1372.215 ; gain = 967.527
INFO: [Common 17-1381] The checkpoint 'B:/VHDL/newMIPStryHH/newMIPStryHH.runs/synth_1/mipsTEST.dcp' has been generated.
INFO: [runtcl-4] Executing : report_utilization -file mipsTEST_utilization_synth.rpt -pb mipsTEST_utilization_synth.pb
INFO: [Common 17-206] Exiting Vivado at Mon May 29 10:40:30 2023...
