Turbo Assembler	 Version 3.0	    03/30/22 16:49:01	    Page 1
lab7ex3.asm



      1	0000			     DATA SEGMENT PARA PUBLIC 'DATA'
      2	0000  01 02 03		     NUMBERS DB	1,2,3
      3	0003  03		     LEN DB $-NUMBERS
      4	0004  54 68 65 20 61 76	65+  MESSAGE DB	"The average is:"
      5	      72 61 67 65 20 69	73+
      6	      3A
      7	0013  000F		     LENM DW $-MESSAGE
      8
      9	0015  0000		     REZ DW 0
     10	0017			     DATA ENDS
     11
     12	0000			     CODE SEGMENT PARA PUBLIC 'CODE'
     13
     14	0000			     START PROC	FAR
     15
     16				     ASSUME CS:CODE, DS:DATA
     17	0000  1E		     PUSH DS ;prepare to return	to DOS
     18	0001  33 C0		     XOR AX,AX
     19	0003  50		     PUSH AX
     20	0004  B8 0000s		     MOV AX,DATA; initialise DS
     21	0007  8E D8		     MOV DS, AX
     22
     23	0009  33 C0		     XOR AX, AX
     24	000B  33 C9		     XOR CX, CX
     25	000D  8A 0E 0003r	     MOV CL, LEN
     26	0011  33 F6		     XOR SI, SI
     27
     28	0013			     L:
     29	0013  02 84 0000r	     ADD AL, NUMBERS[SI]
     30	0017  46		     INC SI
     31	0018  E2 F9		     LOOP L
     32
     33	001A  F6 36 0003r	     DIV LEN
     34	001E  A3 0015r		     MOV REZ,AX
     35
     36	0021  8B 36 0013r	     MOV SI, LENM
     37	0025  88 A4 0004r	     MOV MESSAGE[SI], AH
     38	0029  80 84 0004r 30	     ADD MESSAGE[SI], '0'
     39	002E  88 84 0005r	     MOV MESSAGE[SI+1],	AL
     40	0032  80 84 0005r 30	     ADD MESSAGE[SI+1],	'0'
     41	0037  C6 84 0006r 24	     MOV MESSAGE[SI+2],	'$'
     42
     43	003C  BA 0004r		     LEA DX, MESSAGE
     44	003F  B4 09		     MOV AH, 09H
     45	0041  CD 21		     INT 21H
     46
     47
     48
     49
     50				     ;MOV AH,40H
     51				     ;MOV DX,OFFSET REZ
     52				     ;MOV BX ,1
     53				     ;MOV CX ,3
     54				     ;INT 21H
     55
     56
     57	0043  CB		     RET
Turbo Assembler	 Version 3.0	    03/30/22 16:49:01	    Page 2
lab7ex3.asm



     58	0044			     START ENDP
     59
     60	0044			     CODE ENDS
     61
     62				     END START
Turbo Assembler	 Version 3.0	    03/30/22 16:49:01	    Page 3
Symbol Table




Symbol Name			  Type	 Value

??DATE				  Text	 "03/30/22"
??FILENAME			  Text	 "lab7ex3 "
??TIME				  Text	 "16:49:01"
??VERSION			  Number 0300
@CPU				  Text	 0101H
@CURSEG				  Text	 CODE
@FILENAME			  Text	 LAB7EX3
@WORDSIZE			  Text	 2
L				  Near	 CODE:0013
LEN				  Byte	 DATA:0003
LENM				  Word	 DATA:0013
MESSAGE				  Byte	 DATA:0004
NUMBERS				  Byte	 DATA:0000
REZ				  Word	 DATA:0015
START				  Far	 CODE:0000

Groups & Segments		  Bit Size Align  Combine Class

CODE				  16  0044 Para	  Public  CODE
DATA				  16  0017 Para	  Public  DATA
