Turbo Assembler	 Version 3.0	    03/30/22 16:49:04	    Page 1
lab7ex4.asm



      1	0000			     DATA SEGMENT PARA PUBLIC 'DATA'
      2	0000  05 06 07		     NUMBERS DB	5,6,7
      3	0003  03		     LEN DB $-NUMBERS
      4	0004  54 68 65 20 61 76	65+  MESSAGE DB	"The average is:"
      5	      72 61 67 65 20 69	73+
      6	      3A
      7	0013  000F		     LENM DW $-MESSAGE
      8	0015			     DATA ENDS
      9
     10	0000			     CODE SEGMENT PARA PUBLIC 'CODE'
     11
     12	0000			     START PROC	FAR
     13
     14				     ASSUME CS:CODE, DS:DATA
     15	0000  1E		     PUSH DS ;prepare to return	to DOS
     16	0001  33 C0		     XOR AX,AX
     17	0003  50		     PUSH AX
     18	0004  B8 0000s		     MOV AX,DATA; initialise DS
     19	0007  8E D8		     MOV DS, AX
     20
     21	0009  33 C0		     XOR AX, AX
     22	000B  33 C9		     XOR CX, CX
     23	000D  8A 0E 0003r	     MOV CL, LEN
     24	0011  33 F6		     XOR SI, SI
     25
     26	0013			     L:
     27	0013  02 84 0000r	     ADD AL, NUMBERS[SI]
     28	0017  46		     INC SI
     29	0018  E2 F9		     LOOP L
     30				     ;adding in	al
     31	001A  F6 36 0003r	     DIV LEN;division then getting rid of numbers less than 10
     32	001E  32 E4		     XOR AH, AH
     33	0020  B3 0A		     MOV BL, 10
     34	0022  F6 F3		     DIV BL
     35
     36	0024  8B 36 0013r	     MOV SI, LENM
     37	0028  88 84 0004r	     MOV MESSAGE[SI], AL
     38	002C  80 84 0004r 30	     ADD MESSAGE[SI], '0'
     39	0031  88 A4 0005r	     MOV MESSAGE[SI+1],	AH
     40	0035  80 84 0005r 30	     ADD MESSAGE[SI+1],	'0'
     41	003A  C6 84 0006r 24	     MOV MESSAGE[SI+2],	'$'
     42				     ;preparing	msg for	print
     43	003F  BA 0004r		     LEA DX, MESSAGE
     44	0042  B4 09		     MOV AH, 09H
     45	0044  CD 21		     INT 21H
     46				     ;print
     47
     48	0046  CB		     RET
     49	0047			     START ENDP
     50
     51	0047			     CODE ENDS
     52
     53				     END START
Turbo Assembler	 Version 3.0	    03/30/22 16:49:04	    Page 2
Symbol Table




Symbol Name			  Type	 Value

??DATE				  Text	 "03/30/22"
??FILENAME			  Text	 "lab7ex4 "
??TIME				  Text	 "16:49:04"
??VERSION			  Number 0300
@CPU				  Text	 0101H
@CURSEG				  Text	 CODE
@FILENAME			  Text	 LAB7EX4
@WORDSIZE			  Text	 2
L				  Near	 CODE:0013
LEN				  Byte	 DATA:0003
LENM				  Word	 DATA:0013
MESSAGE				  Byte	 DATA:0004
NUMBERS				  Byte	 DATA:0000
START				  Far	 CODE:0000

Groups & Segments		  Bit Size Align  Combine Class

CODE				  16  0047 Para	  Public  CODE
DATA				  16  0015 Para	  Public  DATA
